<?xml version="1.0" encoding="UTF-8"?>
<testsuite xmlns:xsi="http://www.w3.org/2001/XMLSchema-instance" xsi:noNamespaceSchemaLocation="https://maven.apache.org/surefire/maven-surefire-plugin/xsd/surefire-test-report.xsd" name="com.desafioselenium.tests.EditIssuesTests" time="146.066" tests="2" errors="0" skipped="0" failures="0">
  <properties>
[...]
</properties>
  <testcase name="adicionarAnotacaoIssue" classname="com.desafioselenium.tests.EditIssuesTests" time="14.215"/>
  <testcase name="mudarResponsavelIssue" classname="com.desafioselenium.tests.EditIssuesTests" time="131.777"/>
</testsuite>